  BitmapAccess.cpp
  ColorLookup.cpp
  ConversionRGBA16.cpp
  ConversionRGBAF.cpp
  FreeImage.cpp
  FreeImageIO.cpp
  GetType.cpp
  LFPQuantizer.cpp
  MemoryIO.cpp
  PixelAccess.cpp
  NNQuantizer.cpp
  WuQuantizer.cpp
  Conversion.cpp
  Conversion16_555.cpp
  Conversion16_565.cpp
  Conversion24.cpp
  Conversion32.cpp
  Conversion4.cpp
  Conversion8.cpp
  ConversionFloat.cpp
  Создание кода...
  Компиляция...
  ConversionRGB16.cpp
  ConversionRGBF.cpp
  ConversionType.cpp
  ConversionUINT16.cpp
  Halftoning.cpp
  tmoColorConvert.cpp
  tmoDrago03.cpp
  tmoFattal02.cpp
  tmoReinhard05.cpp
  ToneMapping.cpp
  MNGHelper.cpp
  Plugin.cpp
  PluginBMP.cpp
  CacheFile.cpp
  MultiPage.cpp
  Exif.cpp
  FIRational.cpp
  FreeImageTag.cpp
  IPTC.cpp
  TagConversion.cpp
  Создание кода...
  Компиляция...
  TagLib.cpp
  Background.cpp
  BSplineRotate.cpp
  Channels.cpp
  ClassicRotate.cpp
  Colors.cpp
  CopyPaste.cpp
  Display.cpp
  Flip.cpp
  MultigridPoissonSolver.cpp
  Rescale.cpp
  Resize.cpp
  Создание кода...
  FreeImageLib.vcxproj -> D:\PortraitMatrix\ImageView\libfreeimage\Win32_Debug_v16.0\FreeImageLib.lib
