d:\portrait\imageview\libfreeimage\win32_debug_v16.0\freeimagelib.pdb
d:\portrait\imageview\libfreeimage\win32_debug_v16.0\freeimagelib\conversionfloat.obj
d:\portrait\imageview\libfreeimage\win32_debug_v16.0\freeimagelib\conversion8.obj
d:\portrait\imageview\libfreeimage\win32_debug_v16.0\freeimagelib\conversion4.obj
d:\portrait\imageview\libfreeimage\win32_debug_v16.0\freeimagelib\conversion32.obj
d:\portrait\imageview\libfreeimage\win32_debug_v16.0\freeimagelib\conversion24.obj
d:\portrait\imageview\libfreeimage\win32_debug_v16.0\freeimagelib\conversion16_565.obj
d:\portrait\imageview\libfreeimage\win32_debug_v16.0\freeimagelib\conversion16_555.obj
d:\portrait\imageview\libfreeimage\win32_debug_v16.0\freeimagelib\conversion.obj
d:\portrait\imageview\libfreeimage\win32_debug_v16.0\freeimagelib\wuquantizer.obj
d:\portrait\imageview\libfreeimage\win32_debug_v16.0\freeimagelib\nnquantizer.obj
d:\portrait\imageview\libfreeimage\win32_debug_v16.0\freeimagelib\pixelaccess.obj
d:\portrait\imageview\libfreeimage\win32_debug_v16.0\freeimagelib\memoryio.obj
d:\portrait\imageview\libfreeimage\win32_debug_v16.0\freeimagelib\lfpquantizer.obj
d:\portrait\imageview\libfreeimage\win32_debug_v16.0\freeimagelib\gettype.obj
d:\portrait\imageview\libfreeimage\win32_debug_v16.0\freeimagelib\freeimageio.obj
d:\portrait\imageview\libfreeimage\win32_debug_v16.0\freeimagelib\freeimage.obj
d:\portrait\imageview\libfreeimage\win32_debug_v16.0\freeimagelib\conversionrgbaf.obj
d:\portrait\imageview\libfreeimage\win32_debug_v16.0\freeimagelib\conversionrgba16.obj
d:\portrait\imageview\libfreeimage\win32_debug_v16.0\freeimagelib\colorlookup.obj
d:\portrait\imageview\libfreeimage\win32_debug_v16.0\freeimagelib\bitmapaccess.obj
d:\portrait\imageview\libfreeimage\win32_debug_v16.0\freeimagelib\tagconversion.obj
d:\portrait\imageview\libfreeimage\win32_debug_v16.0\freeimagelib\iptc.obj
d:\portrait\imageview\libfreeimage\win32_debug_v16.0\freeimagelib\freeimagetag.obj
d:\portrait\imageview\libfreeimage\win32_debug_v16.0\freeimagelib\firational.obj
d:\portrait\imageview\libfreeimage\win32_debug_v16.0\freeimagelib\exif.obj
d:\portrait\imageview\libfreeimage\win32_debug_v16.0\freeimagelib\multipage.obj
d:\portrait\imageview\libfreeimage\win32_debug_v16.0\freeimagelib\cachefile.obj
d:\portrait\imageview\libfreeimage\win32_debug_v16.0\freeimagelib\pluginbmp.obj
d:\portrait\imageview\libfreeimage\win32_debug_v16.0\freeimagelib\plugin.obj
d:\portrait\imageview\libfreeimage\win32_debug_v16.0\freeimagelib\mnghelper.obj
d:\portrait\imageview\libfreeimage\win32_debug_v16.0\freeimagelib\tonemapping.obj
d:\portrait\imageview\libfreeimage\win32_debug_v16.0\freeimagelib\tmoreinhard05.obj
d:\portrait\imageview\libfreeimage\win32_debug_v16.0\freeimagelib\tmofattal02.obj
d:\portrait\imageview\libfreeimage\win32_debug_v16.0\freeimagelib\tmodrago03.obj
d:\portrait\imageview\libfreeimage\win32_debug_v16.0\freeimagelib\tmocolorconvert.obj
d:\portrait\imageview\libfreeimage\win32_debug_v16.0\freeimagelib\halftoning.obj
d:\portrait\imageview\libfreeimage\win32_debug_v16.0\freeimagelib\conversionuint16.obj
d:\portrait\imageview\libfreeimage\win32_debug_v16.0\freeimagelib\conversiontype.obj
d:\portrait\imageview\libfreeimage\win32_debug_v16.0\freeimagelib\conversionrgbf.obj
d:\portrait\imageview\libfreeimage\win32_debug_v16.0\freeimagelib\conversionrgb16.obj
d:\portrait\imageview\libfreeimage\win32_debug_v16.0\freeimagelib\resize.obj
d:\portrait\imageview\libfreeimage\win32_debug_v16.0\freeimagelib\rescale.obj
d:\portrait\imageview\libfreeimage\win32_debug_v16.0\freeimagelib\multigridpoissonsolver.obj
d:\portrait\imageview\libfreeimage\win32_debug_v16.0\freeimagelib\flip.obj
d:\portrait\imageview\libfreeimage\win32_debug_v16.0\freeimagelib\display.obj
d:\portrait\imageview\libfreeimage\win32_debug_v16.0\freeimagelib\copypaste.obj
d:\portrait\imageview\libfreeimage\win32_debug_v16.0\freeimagelib\colors.obj
d:\portrait\imageview\libfreeimage\win32_debug_v16.0\freeimagelib\classicrotate.obj
d:\portrait\imageview\libfreeimage\win32_debug_v16.0\freeimagelib\channels.obj
d:\portrait\imageview\libfreeimage\win32_debug_v16.0\freeimagelib\bsplinerotate.obj
d:\portrait\imageview\libfreeimage\win32_debug_v16.0\freeimagelib\background.obj
d:\portrait\imageview\libfreeimage\win32_debug_v16.0\freeimagelib\taglib.obj
d:\portrait\imageview\libfreeimage\win32_debug_v16.0\freeimagelib.lib
d:\portrait\imageview\libfreeimage\win32_debug_v16.0\freeimagelib\freeimagelib.tlog\cl.command.1.tlog
d:\portrait\imageview\libfreeimage\win32_debug_v16.0\freeimagelib\freeimagelib.tlog\cl.read.1.tlog
d:\portrait\imageview\libfreeimage\win32_debug_v16.0\freeimagelib\freeimagelib.tlog\cl.write.1.tlog
d:\portrait\imageview\libfreeimage\win32_debug_v16.0\freeimagelib\freeimagelib.tlog\lib-link.read.1.tlog
d:\portrait\imageview\libfreeimage\win32_debug_v16.0\freeimagelib\freeimagelib.tlog\lib-link.write.1.tlog
d:\portrait\imageview\libfreeimage\win32_debug_v16.0\freeimagelib\freeimagelib.tlog\lib.command.1.tlog
